<?xml version="1.0" encoding="UTF-8"?>
<!-- Generated by org.testng.reporters.JUnitXMLReporter -->
<testsuite hostname="GISBIZ-LTP-85" name="Test" tests="4" failures="0" timestamp="16 Aug 2018 09:05:58 GMT" time="86.285" errors="0">
  <testcase name="createLead" time="6.314" classname="reportsTestday6.CreateLead"/>
  <testcase name="createLead" time="7.256" classname="reportsTestday6.CreateLead"/>
  <testcase name="createLead" time="7.702" classname="reportsTestday6.CreateLead"/>
  <testcase name="EditLeadTest" time="14.108" classname="reportsTestday6.EditLead"/>
</testsuite> <!-- Test -->
